[10:44:32.248] Global cache location '/home/frantuma/.cache/typescript/5.3', safe file path '/dati/dev/progetti/swagger/projects/apidom/master/apidom/node_modules/typescript/lib/typingSafeList.json', types map path /dati/dev/progetti/swagger/projects/apidom/master/apidom/node_modules/typescript/lib/typesMap.json
[10:44:32.249] Processing cache location '/home/frantuma/.cache/typescript/5.3'
[10:44:32.249] Trying to find '/home/frantuma/.cache/typescript/5.3/package.json'...
[10:44:32.250] Loaded content of '/home/frantuma/.cache/typescript/5.3/package.json':
    {
      "private": true,
      "dependencies": {
        "types-registry": "^0.1.679"
      }
    }
[10:44:32.250] Loaded content of '/home/frantuma/.cache/typescript/5.3/package-lock.json':
    {
      "name": "5.3",
      "lockfileVersion": 3,
      "requires": true,
      "packages": {
        "": {
          "dependencies": {
            "types-registry": "^0.1.679"
          }
        },
        "node_modules/types-registry": {
          "version": "0.1.679",
          "resolved": "https://registry.npmjs.org/types-registry/-/types-registry-0.1.679.tgz",
          "integrity": "sha512-XQ5kE50Pi7aiyJ45lJ2j2ZhF+1SP0luJ/8vDHnnB4fNKcoGd+VxylnfSW/NAXN2NvO5qUyGbPt/UdsDEyvzVkw=="
        }
      }
    }
[10:44:32.250] Finished processing cache location '/home/frantuma/.cache/typescript/5.3'
[10:44:32.250] Process id: 15780
[10:44:32.251] NPM location: /home/frantuma/.nvm/versions/node/v20.4.0/bin/npm (explicit '--npmLocation' not  provided)
[10:44:32.251] validateDefaultNpmLocation: false
[10:44:32.251] Npm config file: /home/frantuma/.cache/typescript/5.3/package.json
[10:44:32.251] Updating types-registry npm package...
[10:44:32.251] Exec: /home/frantuma/.nvm/versions/node/v20.4.0/bin/npm install --ignore-scripts types-registry@latest
[10:44:33.744]     Succeeded. stdout:
    
    up to date, audited 2 packages in 1s

found [32m[1m0[22m[39m vulnerabilities

[10:44:33.744] Updated types-registry npm package
[10:44:33.785] Closing file watchers for project '/home/frantuma/.local/share/JetBrains/Toolbox/apps/webstorm/plugins/javascript-impl/jsLanguageServicesImpl/typescript/tsconfig.json'
[10:44:33.785] No watchers are registered for project '/home/frantuma/.local/share/JetBrains/Toolbox/apps/webstorm/plugins/javascript-impl/jsLanguageServicesImpl/typescript/tsconfig.json'
