[15:12:11.019] Global cache location '/home/frantuma/.cache/typescript/5.3', safe file path '/dati/dev/progetti/swagger/projects/apidom/master/apidom/node_modules/typescript/lib/typingSafeList.json', types map path /dati/dev/progetti/swagger/projects/apidom/master/apidom/node_modules/typescript/lib/typesMap.json
[15:12:11.020] Processing cache location '/home/frantuma/.cache/typescript/5.3'
[15:12:11.020] Trying to find '/home/frantuma/.cache/typescript/5.3/package.json'...
[15:12:11.022] Loaded content of '/home/frantuma/.cache/typescript/5.3/package.json':
    {
      "private": true,
      "dependencies": {
        "types-registry": "^0.1.683"
      },
      "devDependencies": {
        "@types/mustache": "^4.2.5"
      }
    }
[15:12:11.022] Loaded content of '/home/frantuma/.cache/typescript/5.3/package-lock.json':
    {
      "name": "5.3",
      "lockfileVersion": 3,
      "requires": true,
      "packages": {
        "": {
          "dependencies": {
            "types-registry": "^0.1.683"
          },
          "devDependencies": {
            "@types/mustache": "^4.2.5"
          }
        },
        "node_modules/@types/mustache": {
          "version": "4.2.5",
          "resolved": "https://registry.npmjs.org/@types/mustache/-/mustache-4.2.5.tgz",
          "integrity": "sha512-PLwiVvTBg59tGFL/8VpcGvqOu3L4OuveNvPi0EYbWchRdEVP++yRUXJPFl+CApKEq13017/4Nf7aQ5lTtHUNsA==",
          "dev": true
        },
        "node_modules/types-registry": {
          "version": "0.1.683",
          "resolved": "https://registry.npmjs.org/types-registry/-/types-registry-0.1.683.tgz",
          "integrity": "sha512-XcbiXpnMOE7z1iomyKg7jH8XLHSVUsIiJIrZZDJqALOsspsqpmTd7UAkurgELZRuhA4lCTe2SdfhQbIYgBTpFw=="
        }
      }
    }
[15:12:11.022] Finished processing cache location '/home/frantuma/.cache/typescript/5.3'
[15:12:11.022] Process id: 53350
[15:12:11.022] NPM location: /home/frantuma/.nvm/versions/node/v20.3.0/bin/npm (explicit '--npmLocation' not  provided)
[15:12:11.022] validateDefaultNpmLocation: false
[15:12:11.023] Npm config file: /home/frantuma/.cache/typescript/5.3/package.json
[15:12:11.023] Updating types-registry npm package...
[15:12:11.023] Exec: /home/frantuma/.nvm/versions/node/v20.3.0/bin/npm install --ignore-scripts types-registry@latest
[15:12:12.682]     Succeeded. stdout:
    
    up to date, audited 3 packages in 1s

found [32m[1m0[22m[39m vulnerabilities

[15:12:12.682] Updated types-registry npm package
[15:12:12.768] Closing file watchers for project '/home/frantuma/.local/share/JetBrains/Toolbox/apps/webstorm/plugins/javascript-impl/jsLanguageServicesImpl/typescript/tsconfig.json'
[15:12:12.768] No watchers are registered for project '/home/frantuma/.local/share/JetBrains/Toolbox/apps/webstorm/plugins/javascript-impl/jsLanguageServicesImpl/typescript/tsconfig.json'
